extensions/MathEvents.js
extensions/TeX/noErrors.js
extensions/TeX/noUndefined.js
extensions/TeX/AMSmath.js
extensions/TeX/AMSsymbols.js
extensions/TeX/mathchoice.js
extensions/TeX/texvc.js
extensions/TeX/color.js
extensions/TeX/cancel.js
extensions/wiki2jax.js
config/MediaWiki_SVG_settings.js
jax/element/mml/jax.js
jax/element/mml/optable/Arrows.js
jax/element/mml/optable/BasicLatin.js
jax/element/mml/optable/CombDiacritMarks.js
jax/element/mml/optable/CombDiactForSymbols.js
jax/element/mml/optable/Dingbats.js
jax/element/mml/optable/GeneralPunctuation.js
jax/element/mml/optable/GeometricShapes.js
jax/element/mml/optable/GreekAndCoptic.js
jax/element/mml/optable/Latin1Supplement.js
jax/element/mml/optable/LetterlikeSymbols.js
jax/element/mml/optable/MathOperators.js
jax/element/mml/optable/MiscMathSymbolsA.js
jax/element/mml/optable/MiscMathSymbolsB.js
jax/element/mml/optable/MiscSymbolsAndArrows.js
jax/element/mml/optable/MiscTechnical.js
jax/element/mml/optable/SpacingModLetters.js
jax/element/mml/optable/SupplementalArrowsA.js
jax/element/mml/optable/SupplementalArrowsB.js
jax/element/mml/optable/SuppMathOperators.js
jax/input/TeX/config.js
jax/input/TeX/jax.js
jax/output/SVG/autoload/mtable.js
jax/output/SVG/config.js
jax/output/SVG/jax.js
